05:05:39 **** Rebuild of configuration Debug for project Q10 ****
Info: Internal Builder is used for build
gcc -O0 -g3 -Wall -c -fmessage-length=0 -o main.o "..\\main.c" 
..\main.c: In function 'max':
..\main.c:15:12: warning: initialization of 'int *' from 'int' makes pointer from integer without a cast [-Wint-conversion]
     int* p=array,i=0;
            ^~~~~
..\main.c: In function 'binary':
..\main.c:65:9: warning: passing argument 1 of 'max' makes integer from pointer without a cast [-Wint-conversion]
     max(array,m);
         ^~~~~
..\main.c:13:13: note: expected 'int' but argument is of type 'int *'
 int max(int array,int m)
         ~~~~^~~~~
..\main.c:59:10: warning: unused variable 'P' [-Wunused-variable]
     int *P=arr;
          ^
..\main.c: In function 'max':
..\main.c:24:1: warning: control reaches end of non-void function [-Wreturn-type]
 }
 ^
..\main.c: In function 'count':
..\main.c:39:1: warning: control reaches end of non-void function [-Wreturn-type]
 }
 ^
..\main.c: In function 'binary':
..\main.c:66:1: warning: control reaches end of non-void function [-Wreturn-type]
 }
 ^
gcc -o Q10.exe main.o 

05:05:40 Build Finished (took 357ms)

Info: Nothing to build for Q10
